Change Physical Footprint: Designator=C1 Old Footprint=CAPC3216-1206L New Footprint=CAPC3216-1206L
Change Physical Footprint: Designator=C2 Old Footprint=CAPC3216-1206L New Footprint=CAPC3216-1206L
Change Physical Footprint: Designator=C3 Old Footprint=CAPC2012-0805M New Footprint=CAPC2012-0805M
Change Physical Footprint: Designator=C4 Old Footprint=CAPC3216-1206L New Footprint=CAPC3216-1206L
Change Physical Footprint: Designator=C5 Old Footprint=B32652A4154J New Footprint=B32652A4154J
Change Physical Footprint: Designator=C6 Old Footprint=CAPC1608-0603L New Footprint=CAPC1608-0603L
Change Physical Footprint: Designator=C7 Old Footprint=CAPC2012-0805M New Footprint=CAPC2012-0805M
Change Physical Footprint: Designator=C8 Old Footprint=ECAP1325 New Footprint=ECAP1325
Change Physical Footprint: Designator=C9 Old Footprint=TCAPC_A New Footprint=TCAPC_A
Change Physical Footprint: Designator=C10 Old Footprint=CAPC1608-0603L New Footprint=CAPC1608-0603L
Change Physical Footprint: Designator=C11 Old Footprint=CAPC1608-0603L New Footprint=CAPC1608-0603L
Change Physical Footprint: Designator=C13 Old Footprint=CAPC2012-0805M New Footprint=CAPC2012-0805M
Change Physical Footprint: Designator=C14 Old Footprint=CAPC2012-0805M New Footprint=CAPC2012-0805M
Change Physical Footprint: Designator=C15 Old Footprint=CAPC2012-0805M New Footprint=CAPC2012-0805M
Change Physical Footprint: Designator=C16 Old Footprint=CAPC1608-0603M New Footprint=CAPC1608-0603M
Change Physical Footprint: Designator=C17 Old Footprint=ECAPC_0505 New Footprint=ECAPC_0505
Change Physical Footprint: Designator=C18 Old Footprint=CAPC2012-0805M New Footprint=CAPC2012-0805M
Change Physical Footprint: Designator=C21 Old Footprint=CAPC2012-0805M New Footprint=CAPC2012-0805M
Change Physical Footprint: Designator=C22 Old Footprint=ECAP811.5 New Footprint=ECAP811.5
Change Physical Footprint: Designator=C23 Old Footprint=ECAP811.5 New Footprint=ECAP811.5
Change Physical Footprint: Designator=D1 Old Footprint=DIOM5026X262N New Footprint=DIOM5026X262N
Change Physical Footprint: Designator=DL1 Old Footprint=LED_D3_TH New Footprint=LED_D3_TH
Change Physical Footprint: Designator=HG1 Old Footprint=SBM-20-1 New Footprint=SBM-20-1
Change Physical Footprint: Designator=IC1 Old Footprint=HDRV4W80P0X254_1X4_1200X500X1550P New Footprint=HDRV4W80P0X254_1X4_1200X500X1550P
Change Physical Footprint: Designator=IC2 Old Footprint=SOT95P275X110-5N New Footprint=SOT95P275X110-5N
Change Physical Footprint: Designator=IC3 Old Footprint=SOT103P237X112-3N New Footprint=SOT103P237X112-3N
Change Physical Footprint: Designator=J1 Old Footprint=PLS-2-2.54 New Footprint=PLS-2-2.54
Change Physical Footprint: Designator=J2 Old Footprint=CWF-2 New Footprint=CWF-2
Change Physical Footprint: Designator=J3 Old Footprint=PLS-4-2.54-lab New Footprint=PLS-4-2.54-lab
Change Physical Footprint: Designator=J4 Old Footprint=IDC10-2.54-SB New Footprint=IDC10-2.54-SB
Change Physical Footprint: Designator=L2 Old Footprint=INDC2012L New Footprint=INDC2012L
Change Physical Footprint: Designator=L3 Old Footprint=LQH32PN_N New Footprint=LQH32PN_N
Change Physical Footprint: Designator=Q1 Old Footprint=SOT23-3M New Footprint=SOT23-3M
Change Physical Footprint: Designator=Q2 Old Footprint=SOT23-3M New Footprint=SOT23-3M
Change Physical Footprint: Designator=Q3 Old Footprint=SOT23-3M New Footprint=SOT23-3M
Change Physical Footprint: Designator=Q5 Old Footprint=SOT23-3L New Footprint=SOT23-3L
Change Physical Footprint: Designator=R1 Old Footprint=RESC2012-0805M New Footprint=RESC2012-0805M
Change Physical Footprint: Designator=R2 Old Footprint=RESC2012-0805M New Footprint=RESC2012-0805M
Change Physical Footprint: Designator=R3 Old Footprint=RESC2012-0805M New Footprint=RESC2012-0805M
Change Physical Footprint: Designator=R4 Old Footprint=RESC2012-0805M New Footprint=RESC2012-0805M
Change Physical Footprint: Designator=R5 Old Footprint=RESC2012-0805M New Footprint=RESC2012-0805M
Change Physical Footprint: Designator=R6 Old Footprint=RESC2012-0805M New Footprint=RESC2012-0805M
Change Physical Footprint: Designator=R7 Old Footprint=RESC2012-0805M New Footprint=RESC2012-0805M
Change Physical Footprint: Designator=R8 Old Footprint=RESC2012-0805M New Footprint=RESC2012-0805M
Change Physical Footprint: Designator=R9 Old Footprint=RESC3216-1206M New Footprint=RESC3216-1206M
Change Physical Footprint: Designator=R10 Old Footprint=RESC2012-0805M New Footprint=RESC2012-0805M
Change Physical Footprint: Designator=R11 Old Footprint=RESC2012-0805M New Footprint=RESC2012-0805M
Change Physical Footprint: Designator=R12 Old Footprint=RESC2012-0805M New Footprint=RESC2012-0805M
Change Physical Footprint: Designator=R13 Old Footprint=RESC2012-0805M New Footprint=RESC2012-0805M
Change Physical Footprint: Designator=R14 Old Footprint=RESC2012-0805M New Footprint=RESC2012-0805M
Change Physical Footprint: Designator=R15 Old Footprint=RESC2012-0805M New Footprint=RESC2012-0805M
Change Physical Footprint: Designator=R16 Old Footprint=RESC3216-1206M New Footprint=RESC3216-1206M
Change Physical Footprint: Designator=R17 Old Footprint=RESC2012-0805M New Footprint=RESC2012-0805M
Change Physical Footprint: Designator=R18 Old Footprint=RESC2012-0805M New Footprint=RESC2012-0805M
Change Physical Footprint: Designator=R19 Old Footprint=RESC2012-0805M New Footprint=RESC2012-0805M
Change Physical Footprint: Designator=R20 Old Footprint=RESC2012-0805M New Footprint=RESC2012-0805M
Change Physical Footprint: Designator=R21 Old Footprint=RESC2012-0805M New Footprint=RESC2012-0805M
Change Physical Footprint: Designator=R22 Old Footprint=RESC2012-0805M New Footprint=RESC2012-0805M
Change Physical Footprint: Designator=R23 Old Footprint=RESC2012-0805M New Footprint=RESC2012-0805M
Change Physical Footprint: Designator=R24 Old Footprint=RESC2012-0805M New Footprint=RESC2012-0805M
Change Physical Footprint: Designator=R25 Old Footprint=RESC2012-0805M New Footprint=RESC2012-0805M
Change Physical Footprint: Designator=R26 Old Footprint=RESC2012-0805M New Footprint=RESC2012-0805M
Change Physical Footprint: Designator=R27 Old Footprint=RESC2012-0805M New Footprint=RESC2012-0805M
Change Physical Footprint: Designator=R28 Old Footprint=RESC2012-0805M New Footprint=RESC2012-0805M
Change Physical Footprint: Designator=R29 Old Footprint=RESC2012-0805M New Footprint=RESC2012-0805M
Change Physical Footprint: Designator=R30 Old Footprint=RESC2012-0805M New Footprint=RESC2012-0805M
Change Physical Footprint: Designator=R31 Old Footprint=RESC2012-0805M New Footprint=RESC2012-0805M
Change Physical Footprint: Designator=R32 Old Footprint=RESC2012-0805M New Footprint=RESC2012-0805M
Change Physical Footprint: Designator=R34 Old Footprint=RESC1608-0603M New Footprint=RESC1608-0603M
Change Physical Footprint: Designator=R35 Old Footprint=RESC1608-0603M New Footprint=RESC1608-0603M
Change Physical Footprint: Designator=R36 Old Footprint=RESC2012-0805M New Footprint=RESC2012-0805M
Change Physical Footprint: Designator=R37 Old Footprint=RESC2012-0805M New Footprint=RESC2012-0805M
Change Physical Footprint: Designator=R38 Old Footprint=RESC3216-1206M New Footprint=RESC3216-1206M
Change Physical Footprint: Designator=R? Old Footprint=RESC1608-0603M New Footprint=RESC1608-0603M
Change Physical Footprint: Designator=S1 Old Footprint=Switch New Footprint=Switch
Change Physical Footprint: Designator=S2 Old Footprint=Switch New Footprint=Switch
Change Physical Footprint: Designator=S3 Old Footprint=Switch New Footprint=Switch
Change Physical Footprint: Designator=S4 Old Footprint=Switch New Footprint=Switch
Change Physical Footprint: Designator=U1 Old Footprint=32A_L New Footprint=32A_L
Change Physical Footprint: Designator=VT2 Old Footprint=SOT23-3M New Footprint=SOT23-3M
Change Physical Footprint: Designator=ZQ1 Old Footprint=HC-49SMD New Footprint=HC-49SMD
