Added Component: Designator=C1(CAPC3216-1206L)
Add component. Clean all parameters for all variants
Add component (AddParameter): Name = "Value"; Value = "10uF"; VariantName = "[No Variations]"
Added Component: Designator=C2(CAPC3216-1206L)
Add component. Clean all parameters for all variants
Add component (AddParameter): Name = "Value"; Value = "10uF"; VariantName = "[No Variations]"
Added Component: Designator=C3(CAPC2012-0805M)
Add component. Clean all parameters for all variants
Add component (AddParameter): Name = "Value"; Value = "1nF"; VariantName = "[No Variations]"
Added Component: Designator=C4(CAPC3216-1206L)
Add component. Clean all parameters for all variants
Add component (AddParameter): Name = "Value"; Value = "10uF"; VariantName = "[No Variations]"
Added Component: Designator=C5(B32652A4154J)
Add component. Clean all parameters for all variants
Add component (AddParameter): Name = "Datasheet Link"; Value = "https://componentsearchengine.com/Datasheets/1/B32652A4154J.pdf"; VariantName = "[No Variations]"
Add component (AddParameter): Name = "Height"; Value = "18mm"; VariantName = "[No Variations]"
Add component (AddParameter): Name = "Manufacturer_Name"; Value = "EPCOS"; VariantName = "[No Variations]"
Add component (AddParameter): Name = "Manufacturer_Part_Number"; Value = "B32652A4154J"; VariantName = "[No Variations]"
Add component (AddParameter): Name = "Mouser Part Number"; Value = "871-B32652A4154J"; VariantName = "[No Variations]"
Add component (AddParameter): Name = "Mouser Price/Stock"; Value = "https://www.mouser.com/Search/Refine.aspx?Keyword=871-B32652A4154J"; VariantName = "[No Variations]"
Add component (AddParameter): Name = "RS Part Number"; Value = ""; VariantName = "[No Variations]"
Add component (AddParameter): Name = "RS Price/Stock"; Value = ""; VariantName = "[No Variations]"
Added Component: Designator=C7(CAPC2012-0805M)
Add component. Clean all parameters for all variants
Add component (AddParameter): Name = "Value"; Value = "1nF"; VariantName = "[No Variations]"
Added Component: Designator=C8(ECAP1325)
Add component. Clean all parameters for all variants
Add component (AddParameter): Name = "Value"; Value = "1uF"; VariantName = "[No Variations]"
Added Component: Designator=C9(CAPC2012-0805M)
Add component. Clean all parameters for all variants
Add component (AddParameter): Name = "Value"; Value = "100nF"; VariantName = "[No Variations]"
Added Component: Designator=C10(ECAPC_0505)
Add component. Clean all parameters for all variants
Add component (AddParameter): Name = "LatestRevisionDate"; Value = "17-Jul-2002"; VariantName = "[No Variations]"
Add component (AddParameter): Name = "LatestRevisionNote"; Value = "Re-released for DXP Platform."; VariantName = "[No Variations]"
Add component (AddParameter): Name = "PackageReference"; Value = "C0805"; VariantName = "[No Variations]"
Add component (AddParameter): Name = "Published"; Value = "8-Jun-2000"; VariantName = "[No Variations]"
Add component (AddParameter): Name = "Publisher"; Value = "Altium Limited"; VariantName = "[No Variations]"
Add component (AddParameter): Name = "Value"; Value = "100uF"; VariantName = "[No Variations]"
Added Component: Designator=C11(CAPC2012-0805M)
Add component. Clean all parameters for all variants
Add component (AddParameter): Name = "Value"; Value = "100nF"; VariantName = "[No Variations]"
Added Component: Designator=C12(CAPC2012-0805M)
Add component. Clean all parameters for all variants
Add component (AddParameter): Name = "Value"; Value = "100nF"; VariantName = "[No Variations]"
Added Component: Designator=C13(CAPC2012-0805M)
Add component. Clean all parameters for all variants
Add component (AddParameter): Name = "Value"; Value = "10nF"; VariantName = "[No Variations]"
Added Component: Designator=C14(CAPC2012-0805M)
Add component. Clean all parameters for all variants
Add component (AddParameter): Name = "Value"; Value = "10nF"; VariantName = "[No Variations]"
Added Component: Designator=C15(CAPC2012-0805M)
Add component. Clean all parameters for all variants
Add component (AddParameter): Name = "Value"; Value = "4.7uF"; VariantName = "[No Variations]"
Added Component: Designator=C16(CAPC2012-0805M)
Add component. Clean all parameters for all variants
Add component (AddParameter): Name = "Value"; Value = "18pF"; VariantName = "[No Variations]"
Added Component: Designator=C17(ECAPC_0505)
Add component. Clean all parameters for all variants
Add component (AddParameter): Name = "LatestRevisionDate"; Value = "17-Jul-2002"; VariantName = "[No Variations]"
Add component (AddParameter): Name = "LatestRevisionNote"; Value = "Re-released for DXP Platform."; VariantName = "[No Variations]"
Add component (AddParameter): Name = "PackageReference"; Value = "C0805"; VariantName = "[No Variations]"
Add component (AddParameter): Name = "Published"; Value = "8-Jun-2000"; VariantName = "[No Variations]"
Add component (AddParameter): Name = "Publisher"; Value = "Altium Limited"; VariantName = "[No Variations]"
Add component (AddParameter): Name = "Value"; Value = "100uF"; VariantName = "[No Variations]"
Added Component: Designator=C18(CAPC2012-0805M)
Add component. Clean all parameters for all variants
Add component (AddParameter): Name = "Value"; Value = "4.7uF"; VariantName = "[No Variations]"
Added Component: Designator=C19(CAPC2012-0805L)
Add component. Clean all parameters for all variants
Add component (AddParameter): Name = "Value"; Value = "1uF"; VariantName = "[No Variations]"
Added Component: Designator=C20(CAPC2012-0805L)
Add component. Clean all parameters for all variants
Add component (AddParameter): Name = "Value"; Value = "1uF"; VariantName = "[No Variations]"
Added Component: Designator=C21(CAPC2012-0805M)
Add component. Clean all parameters for all variants
Add component (AddParameter): Name = "Value"; Value = "100nF"; VariantName = "[No Variations]"
Added Component: Designator=C22(ECAP3545)
Add component. Clean all parameters for all variants
Add component (AddParameter): Name = "Value"; Value = "over9000 uF"; VariantName = "[No Variations]"
Added Component: Designator=C23(ECAP3545)
Add component. Clean all parameters for all variants
Add component (AddParameter): Name = "Value"; Value = "over9000 uF"; VariantName = "[No Variations]"
Added Component: Designator=C?(B32652A4154J)
Add component. Clean all parameters for all variants
Add component (AddParameter): Name = "Datasheet Link"; Value = "https://componentsearchengine.com/Datasheets/1/B32652A4154J.pdf"; VariantName = "[No Variations]"
Add component (AddParameter): Name = "Height"; Value = "18mm"; VariantName = "[No Variations]"
Add component (AddParameter): Name = "Manufacturer_Name"; Value = "EPCOS"; VariantName = "[No Variations]"
Add component (AddParameter): Name = "Manufacturer_Part_Number"; Value = "B32652A4154J"; VariantName = "[No Variations]"
Add component (AddParameter): Name = "Mouser Part Number"; Value = "871-B32652A4154J"; VariantName = "[No Variations]"
Add component (AddParameter): Name = "Mouser Price/Stock"; Value = "https://www.mouser.com/Search/Refine.aspx?Keyword=871-B32652A4154J"; VariantName = "[No Variations]"
Add component (AddParameter): Name = "RS Part Number"; Value = ""; VariantName = "[No Variations]"
Add component (AddParameter): Name = "RS Price/Stock"; Value = ""; VariantName = "[No Variations]"
Added Component: Designator=D1(DIOM5026X262N)
Add component. Clean all parameters for all variants
Add component (AddParameter): Name = "Datasheet Link"; Value = "https://componentsearchengine.com/Datasheets/2/SS34A.pdf"; VariantName = "[No Variations]"
Add component (AddParameter): Name = "Height"; Value = "2.62mm"; VariantName = "[No Variations]"
Add component (AddParameter): Name = "Manufacturer_Name"; Value = "MULTICOMP"; VariantName = "[No Variations]"
Add component (AddParameter): Name = "Manufacturer_Part_Number"; Value = "SS34A"; VariantName = "[No Variations]"
Add component (AddParameter): Name = "Mouser Part Number"; Value = ""; VariantName = "[No Variations]"
Add component (AddParameter): Name = "Mouser Price/Stock"; Value = ""; VariantName = "[No Variations]"
Add component (AddParameter): Name = "RS Part Number"; Value = ""; VariantName = "[No Variations]"
Add component (AddParameter): Name = "RS Price/Stock"; Value = ""; VariantName = "[No Variations]"
Added Component: Designator=DL1(LED_D3_TH)
Add component. Clean all parameters for all variants
Add component (AddParameter): Name = "Value"; Value = "Red"; VariantName = "[No Variations]"
Added Component: Designator=HG1(SBM-20-1)
Add component. Clean all parameters for all variants
Added Component: Designator=HG2(LCD)
Add component. Clean all parameters for all variants
Added Component: Designator=IC1(HDRV4W80P0X254_1X4_1200X500X1550P)
Add component. Clean all parameters for all variants
Add component (AddParameter): Name = "Datasheet Link"; Value = "https://componentsearchengine.com/Datasheets/1/101020011.pdf"; VariantName = "[No Variations]"
Add component (AddParameter): Name = "Height"; Value = "15.5mm"; VariantName = "[No Variations]"
Add component (AddParameter): Name = "Manufacturer_Name"; Value = "Seeed Studio"; VariantName = "[No Variations]"
Add component (AddParameter): Name = "Manufacturer_Part_Number"; Value = "101020011"; VariantName = "[No Variations]"
Add component (AddParameter): Name = "Mouser Part Number"; Value = "713-101020011"; VariantName = "[No Variations]"
Add component (AddParameter): Name = "Mouser Price/Stock"; Value = "https://www.mouser.com/Search/Refine.aspx?Keyword=713-101020011"; VariantName = "[No Variations]"
Add component (AddParameter): Name = "RS Part Number"; Value = "1743237"; VariantName = "[No Variations]"
Add component (AddParameter): Name = "RS Price/Stock"; Value = "http://uk.rs-online.com/web/p/products/1743237"; VariantName = "[No Variations]"
Added Component: Designator=IC2(SOT95P275X110-5N)
Add component. Clean all parameters for all variants
Add component (AddParameter): Name = "Allied_Number"; Value = "70466941"; VariantName = "[No Variations]"
Add component (AddParameter): Name = "Allied Price/Stock"; Value = "http://www.alliedelec.com/on-semiconductor-ncp1529asnt1g/70466941/"; VariantName = "[No Variations]"
Add component (AddParameter): Name = "Datasheet Link"; Value = "http://www.onsemi.com/pub/Collateral/NCP1529-D.PDF"; VariantName = "[No Variations]"
Add component (AddParameter): Name = "Height"; Value = "1.1mm"; VariantName = "[No Variations]"
Add component (AddParameter): Name = "Manufacturer_Name"; Value = "ON Semiconductor"; VariantName = "[No Variations]"
Add component (AddParameter): Name = "Manufacturer_Part_Number"; Value = "NCP1529ASNT1G"; VariantName = "[No Variations]"
Add component (AddParameter): Name = "Mouser Part Number"; Value = "863-NCP1529ASNT1G"; VariantName = "[No Variations]"
Add component (AddParameter): Name = "Mouser Price/Stock"; Value = "https://www.mouser.com/Search/Refine.aspx?Keyword=863-NCP1529ASNT1G"; VariantName = "[No Variations]"
Add component (AddParameter): Name = "RS Part Number"; Value = "8023161P"; VariantName = "[No Variations]"
Add component (AddParameter): Name = "RS Price/Stock"; Value = "http://uk.rs-online.com/web/p/products/8023161P"; VariantName = "[No Variations]"
Added Component: Designator=IC3(SOT103P237X112-3N)
Add component. Clean all parameters for all variants
Add component (AddParameter): Name = "Allied_Number"; Value = "70014045"; VariantName = "[No Variations]"
Add component (AddParameter): Name = "Allied Price/Stock"; Value = "http://www.alliedelec.com/stmicroelectronics-stm1061n34wx6f/70014045/"; VariantName = "[No Variations]"
Add component (AddParameter): Name = "Datasheet Link"; Value = "http://www.st.com/web/en/resource/technical/document/datasheet/CD00065467.pdf"; VariantName = "[No Variations]"
Add component (AddParameter): Name = "Height"; Value = "1.12mm"; VariantName = "[No Variations]"
Add component (AddParameter): Name = "Manufacturer_Name"; Value = "STMicroelectronics"; VariantName = "[No Variations]"
Add component (AddParameter): Name = "Manufacturer_Part_Number"; Value = "STM1061N34WX6F"; VariantName = "[No Variations]"
Add component (AddParameter): Name = "Mouser Part Number"; Value = "511-STM1061N34WX6F"; VariantName = "[No Variations]"
Add component (AddParameter): Name = "Mouser Price/Stock"; Value = "https://www.mouser.com/Search/Refine.aspx?Keyword=511-STM1061N34WX6F"; VariantName = "[No Variations]"
Add component (AddParameter): Name = "RS Part Number"; Value = "6864784"; VariantName = "[No Variations]"
Add component (AddParameter): Name = "RS Price/Stock"; Value = "https://uk.rs-online.com/web/p/products/6864784"; VariantName = "[No Variations]"
Added Component: Designator=J1(PLS-2-2.54)
Add component. Clean all parameters for all variants
Add component (AddParameter): Name = "LatestRevisionDate"; Value = "17-Jul-2002"; VariantName = "[No Variations]"
Add component (AddParameter): Name = "LatestRevisionNote"; Value = "Re-released for DXP Platform."; VariantName = "[No Variations]"
Add component (AddParameter): Name = "Publisher"; Value = "Altium Limited"; VariantName = "[No Variations]"
Added Component: Designator=J2(CWF-2)
Add component. Clean all parameters for all variants
Added Component: Designator=J3(PLS-4-2.54-lab)
Add component. Clean all parameters for all variants
Add component (AddParameter): Name = "LatestRevisionDate"; Value = "17-Jul-2002"; VariantName = "[No Variations]"
Add component (AddParameter): Name = "LatestRevisionNote"; Value = "Re-released for DXP Platform."; VariantName = "[No Variations]"
Add component (AddParameter): Name = "Publisher"; Value = "Altium Limited"; VariantName = "[No Variations]"
Added Component: Designator=J4(IDC10-2.54-F)
Add component. Clean all parameters for all variants
Add component (AddParameter): Name = "LatestRevisionDate"; Value = "17-Jul-2002"; VariantName = "[No Variations]"
Add component (AddParameter): Name = "LatestRevisionNote"; Value = "Re-released for DXP Platform."; VariantName = "[No Variations]"
Add component (AddParameter): Name = "Publisher"; Value = "Altium Limited"; VariantName = "[No Variations]"
Added Component: Designator=L2(INDC2012L)
Add component. Clean all parameters for all variants
Add component (AddParameter): Name = "Value"; Value = "10uH"; VariantName = "[No Variations]"
Added Component: Designator=L3(LQH32PN_N)
Add component. Clean all parameters for all variants
Add component (AddParameter): Name = "Code_IEC"; Value = "1005"; VariantName = "[No Variations]"
Add component (AddParameter): Name = "Code_JEITA"; Value = "0402"; VariantName = "[No Variations]"
Add component (AddParameter): Name = "LatestRevisionDate"; Value = "17-Jul-2002"; VariantName = "[No Variations]"
Add component (AddParameter): Name = "LatestRevisionNote"; Value = "Re-released for DXP Platform."; VariantName = "[No Variations]"
Add component (AddParameter): Name = "PackageReference"; Value = "0402-A"; VariantName = "[No Variations]"
Add component (AddParameter): Name = "Published"; Value = "8-Jun-2000"; VariantName = "[No Variations]"
Add component (AddParameter): Name = "Publisher"; Value = "Altium Limited"; VariantName = "[No Variations]"
Add component (AddParameter): Name = "Value"; Value = "2R2NN0L"; VariantName = "[No Variations]"
Added Component: Designator=Q1(SOT23-3M)
Add component. Clean all parameters for all variants
Added Component: Designator=Q2(SOT23-3M)
Add component. Clean all parameters for all variants
Added Component: Designator=Q3(SOT23-3M)
Add component. Clean all parameters for all variants
Added Component: Designator=Q4(SOT23-3L)
Add component. Clean all parameters for all variants
Added Component: Designator=Q5(SOT23-3L)
Add component. Clean all parameters for all variants
Added Component: Designator=R1(RESC3216-1206M)
Add component. Clean all parameters for all variants
Add component (AddParameter): Name = "Value"; Value = "10M"; VariantName = "[No Variations]"
Added Component: Designator=R2(RESC3216-1206M)
Add component. Clean all parameters for all variants
Add component (AddParameter): Name = "Value"; Value = "10M"; VariantName = "[No Variations]"
Added Component: Designator=R3(RESC3216-1206M)
Add component. Clean all parameters for all variants
Add component (AddParameter): Name = "Value"; Value = "10M"; VariantName = "[No Variations]"
Added Component: Designator=R4(RESC3216-1206M)
Add component. Clean all parameters for all variants
Add component (AddParameter): Name = "Value"; Value = "10M"; VariantName = "[No Variations]"
Added Component: Designator=R5(RESC3216-1206M)
Add component. Clean all parameters for all variants
Add component (AddParameter): Name = "Value"; Value = "10M"; VariantName = "[No Variations]"
Added Component: Designator=R6(RESC3216-1206M)
Add component. Clean all parameters for all variants
Add component (AddParameter): Name = "Value"; Value = "10M"; VariantName = "[No Variations]"
Added Component: Designator=R7(RESC3216-1206M)
Add component. Clean all parameters for all variants
Add component (AddParameter): Name = "Value"; Value = "10M"; VariantName = "[No Variations]"
Added Component: Designator=R8(RESC3216-1206M)
Add component. Clean all parameters for all variants
Add component (AddParameter): Name = "Value"; Value = "10M"; VariantName = "[No Variations]"
Added Component: Designator=R9(RESC3216-1206M)
Add component. Clean all parameters for all variants
Add component (AddParameter): Name = "Value"; Value = "3M"; VariantName = "[No Variations]"
Added Component: Designator=R10(RESC3216-1206M)
Add component. Clean all parameters for all variants
Add component (AddParameter): Name = "Value"; Value = "160k"; VariantName = "[No Variations]"
Added Component: Designator=R11(RESC3216-1206M)
Add component. Clean all parameters for all variants
Add component (AddParameter): Name = "Value"; Value = "10M"; VariantName = "[No Variations]"
Added Component: Designator=R12(RESC3216-1206M)
Add component. Clean all parameters for all variants
Add component (AddParameter): Name = "Value"; Value = "20"; VariantName = "[No Variations]"
Added Component: Designator=R13(RESC2012-0805M)
Add component. Clean all parameters for all variants
Add component (AddParameter): Name = "Value"; Value = "20"; VariantName = "[No Variations]"
Added Component: Designator=R14(RESC2012-0805M)
Add component. Clean all parameters for all variants
Add component (AddParameter): Name = "Value"; Value = "100k"; VariantName = "[No Variations]"
Added Component: Designator=R15(RESC3216-1206M)
Add component. Clean all parameters for all variants
Add component (AddParameter): Name = "Value"; Value = "10M"; VariantName = "[No Variations]"
Added Component: Designator=R16(RESC3216-1206M)
Add component. Clean all parameters for all variants
Add component (AddParameter): Name = "Value"; Value = "3M"; VariantName = "[No Variations]"
Added Component: Designator=R17(RESC2012-0805M)
Add component. Clean all parameters for all variants
Add component (AddParameter): Name = "Value"; Value = "100k"; VariantName = "[No Variations]"
Added Component: Designator=R18(RESC2012-0805M)
Add component. Clean all parameters for all variants
Add component (AddParameter): Name = "Value"; Value = "10k"; VariantName = "[No Variations]"
Added Component: Designator=R19(RESC2012-0805M)
Add component. Clean all parameters for all variants
Add component (AddParameter): Name = "Value"; Value = "470k"; VariantName = "[No Variations]"
Added Component: Designator=R20(RESC2012-0805M)
Add component. Clean all parameters for all variants
Add component (AddParameter): Name = "Value"; Value = "1k"; VariantName = "[No Variations]"
Added Component: Designator=R21(RESC2012-0805M)
Add component. Clean all parameters for all variants
Add component (AddParameter): Name = "Value"; Value = "10k"; VariantName = "[No Variations]"
Added Component: Designator=R22(RESC2012-0805M)
Add component. Clean all parameters for all variants
Add component (AddParameter): Name = "Value"; Value = "10k"; VariantName = "[No Variations]"
Added Component: Designator=R23(RESC2012-0805M)
Add component. Clean all parameters for all variants
Add component (AddParameter): Name = "Value"; Value = "100k"; VariantName = "[No Variations]"
Added Component: Designator=R24(RESC2012-0805M)
Add component. Clean all parameters for all variants
Add component (AddParameter): Name = "Value"; Value = "100k"; VariantName = "[No Variations]"
Added Component: Designator=R25(RESC2012-0805M)
Add component. Clean all parameters for all variants
Add component (AddParameter): Name = "Value"; Value = "1k"; VariantName = "[No Variations]"
Added Component: Designator=R26(RESC2012-0805M)
Add component. Clean all parameters for all variants
Add component (AddParameter): Name = "Value"; Value = "100k"; VariantName = "[No Variations]"
Added Component: Designator=R27(RESC2012-0805M)
Add component. Clean all parameters for all variants
Add component (AddParameter): Name = "Value"; Value = "100k"; VariantName = "[No Variations]"
Added Component: Designator=R28(RESC2012-0805M)
Add component. Clean all parameters for all variants
Add component (AddParameter): Name = "Value"; Value = "100k"; VariantName = "[No Variations]"
Added Component: Designator=R29(RESC2012-0805M)
Add component. Clean all parameters for all variants
Add component (AddParameter): Name = "Value"; Value = "100k"; VariantName = "[No Variations]"
Added Component: Designator=R30(RESC2012-0805M)
Add component. Clean all parameters for all variants
Add component (AddParameter): Name = "Value"; Value = "10k"; VariantName = "[No Variations]"
Added Component: Designator=R31(RESC2012-0805M)
Add component. Clean all parameters for all variants
Add component (AddParameter): Name = "Value"; Value = "100k"; VariantName = "[No Variations]"
Added Component: Designator=R32(RESC2012-0805M)
Add component. Clean all parameters for all variants
Add component (AddParameter): Name = "Value"; Value = "4.7k"; VariantName = "[No Variations]"
Added Component: Designator=R33(RESC2012-0805M)
Add component. Clean all parameters for all variants
Add component (AddParameter): Name = "Value"; Value = "100k"; VariantName = "[No Variations]"
Added Component: Designator=R34(RESC2012-0805M)
Add component. Clean all parameters for all variants
Add component (AddParameter): Name = "Value"; Value = "900k"; VariantName = "[No Variations]"
Added Component: Designator=R35(RESC2012-0805M)
Add component. Clean all parameters for all variants
Add component (AddParameter): Name = "Value"; Value = "200k"; VariantName = "[No Variations]"
Added Component: Designator=R36(RESC2012-0805M)
Add component. Clean all parameters for all variants
Add component (AddParameter): Name = "Value"; Value = "10M"; VariantName = "[No Variations]"
Added Component: Designator=R37(RESC2012-0805M)
Add component. Clean all parameters for all variants
Add component (AddParameter): Name = "Value"; Value = "10M"; VariantName = "[No Variations]"
Added Component: Designator=R38(RESC3216-1206M)
Add component. Clean all parameters for all variants
Add component (AddParameter): Name = "Value"; Value = "3M"; VariantName = "[No Variations]"
Added Component: Designator=S1(Switch)
Add component. Clean all parameters for all variants
Add component (AddParameter): Name = "LatestRevisionDate"; Value = "17-Jul-2002"; VariantName = "[No Variations]"
Add component (AddParameter): Name = "LatestRevisionNote"; Value = "Re-released for DXP Platform."; VariantName = "[No Variations]"
Add component (AddParameter): Name = "PackageReference"; Value = "SPST-2"; VariantName = "[No Variations]"
Add component (AddParameter): Name = "Published"; Value = "24-Mar-1999"; VariantName = "[No Variations]"
Add component (AddParameter): Name = "Publisher"; Value = "Altium Limited"; VariantName = "[No Variations]"
Added Component: Designator=S2(Switch)
Add component. Clean all parameters for all variants
Add component (AddParameter): Name = "LatestRevisionDate"; Value = "17-Jul-2002"; VariantName = "[No Variations]"
Add component (AddParameter): Name = "LatestRevisionNote"; Value = "Re-released for DXP Platform."; VariantName = "[No Variations]"
Add component (AddParameter): Name = "PackageReference"; Value = "SPST-2"; VariantName = "[No Variations]"
Add component (AddParameter): Name = "Published"; Value = "24-Mar-1999"; VariantName = "[No Variations]"
Add component (AddParameter): Name = "Publisher"; Value = "Altium Limited"; VariantName = "[No Variations]"
Added Component: Designator=S3(Switch)
Add component. Clean all parameters for all variants
Add component (AddParameter): Name = "LatestRevisionDate"; Value = "17-Jul-2002"; VariantName = "[No Variations]"
Add component (AddParameter): Name = "LatestRevisionNote"; Value = "Re-released for DXP Platform."; VariantName = "[No Variations]"
Add component (AddParameter): Name = "PackageReference"; Value = "SPST-2"; VariantName = "[No Variations]"
Add component (AddParameter): Name = "Published"; Value = "24-Mar-1999"; VariantName = "[No Variations]"
Add component (AddParameter): Name = "Publisher"; Value = "Altium Limited"; VariantName = "[No Variations]"
Added Component: Designator=S4(Switch)
Add component. Clean all parameters for all variants
Add component (AddParameter): Name = "LatestRevisionDate"; Value = "17-Jul-2002"; VariantName = "[No Variations]"
Add component (AddParameter): Name = "LatestRevisionNote"; Value = "Re-released for DXP Platform."; VariantName = "[No Variations]"
Add component (AddParameter): Name = "PackageReference"; Value = "SPST-2"; VariantName = "[No Variations]"
Add component (AddParameter): Name = "Published"; Value = "24-Mar-1999"; VariantName = "[No Variations]"
Add component (AddParameter): Name = "Publisher"; Value = "Altium Limited"; VariantName = "[No Variations]"
Added Component: Designator=U1(32A_L)
Add component. Clean all parameters for all variants
Add component (AddParameter): Name = "Code_JEDEC"; Value = "MS-026-ABA"; VariantName = "[No Variations]"
Add component (AddParameter): Name = "ComponentLink1Description"; Value = "Manufacturer Link"; VariantName = "[No Variations]"
Add component (AddParameter): Name = "ComponentLink1URL"; Value = "http://www.atmel.com/products/avr/default.asp?"; VariantName = "[No Variations]"
Add component (AddParameter): Name = "ComponentLink2Description"; Value = "ATmega48A/48PA/88A/88PA/168A/168PA/328/328P Datasheet"; VariantName = "[No Variations]"
Add component (AddParameter): Name = "ComponentLink2URL"; Value = "http://www.atmel.com/dyn/resources/prod_documents/8271.pdf"; VariantName = "[No Variations]"
Add component (AddParameter): Name = "ComponentLink3Description"; Value = "ATmega48A/48PA/88A/88PA/168A/168PA/328/328P Summary"; VariantName = "[No Variations]"
Add component (AddParameter): Name = "ComponentLink3URL"; Value = "http://www.atmel.com/dyn/resources/prod_documents/8271S.pdf"; VariantName = "[No Variations]"
Add component (AddParameter): Name = "ComponentLink4Description"; Value = "Atmel.com Home"; VariantName = "[No Variations]"
Add component (AddParameter): Name = "ComponentLink4URL"; Value = "http://www.atmel.com"; VariantName = "[No Variations]"
Add component (AddParameter): Name = "DatasheetVersion"; Value = "revA, Jan-2010"; VariantName = "[No Variations]"
Add component (AddParameter): Name = "PackageDescription"; Value = "32-Lead, 7x7x1.0 mm Body, 0.8mm Lead Pitch, Thin Profile Plastic Quad Flat Package (TQFP)"; VariantName = "[No Variations]"
Add component (AddParameter): Name = "PackageReference"; Value = "32A"; VariantName = "[No Variations]"
Add component (AddParameter): Name = "PackageVersion"; Value = "revB, Oct-2001"; VariantName = "[No Variations]"
Add component (AddParameter): Name = "Published"; Value = "1-Apr-2010"; VariantName = "[No Variations]"
Add component (AddParameter): Name = "Publisher"; Value = "Altium Limited"; VariantName = "[No Variations]"
Add component (AddParameter): Name = "Supplier 1"; Value = "Digi-Key"; VariantName = "[No Variations]"
Add component (AddParameter): Name = "Supplier 2"; Value = "Mouser"; VariantName = "[No Variations]"
Add component (AddParameter): Name = "Supplier Part Number 1"; Value = "ATMEGA88A-AU-ND"; VariantName = "[No Variations]"
Add component (AddParameter): Name = "Supplier Part Number 2"; Value = "556-ATMEGA88A-AU"; VariantName = "[No Variations]"
Added Component: Designator=VT2(SOT23-3M)
Add component. Clean all parameters for all variants
Added Component: Designator=ZQ1(HC-49SMD)
Add component. Clean all parameters for all variants
Add component (AddParameter): Name = "Value"; Value = "8M"; VariantName = "[No Variations]"
Added Pin To Net: NetName=3.3V Pin=C9-2
Added Pin To Net: NetName=3.3V Pin=C10-1
Added Pin To Net: NetName=3.3V Pin=C16-2
Added Pin To Net: NetName=3.3V Pin=C17-1
Added Pin To Net: NetName=3.3V Pin=C18-2
Added Pin To Net: NetName=3.3V Pin=C20-2
Added Pin To Net: NetName=3.3V Pin=DL1-1
Added Pin To Net: NetName=3.3V Pin=HG2-6
Added Pin To Net: NetName=3.3V Pin=HG2-6
Added Pin To Net: NetName=3.3V Pin=J3-1
Added Pin To Net: NetName=3.3V Pin=L2-1
Added Pin To Net: NetName=3.3V Pin=L3-2
Added Pin To Net: NetName=3.3V Pin=Q4-2
Added Pin To Net: NetName=3.3V Pin=R17-2
Added Pin To Net: NetName=3.3V Pin=R25-1
Added Pin To Net: NetName=3.3V Pin=R26-2
Added Pin To Net: NetName=3.3V Pin=R27-2
Added Pin To Net: NetName=3.3V Pin=R28-2
Added Pin To Net: NetName=3.3V Pin=R29-2
Added Pin To Net: NetName=3.3V Pin=R34-2
Added Pin To Net: NetName=3.3V Pin=U1-4
Added Pin To Net: NetName=3.3V Pin=U1-6
Added Net: Name=3.3V
Added Pin To Net: NetName=BL Pin=R30-1
Added Pin To Net: NetName=BL Pin=U1-12
Added Net: Name=BL
Added Pin To Net: NetName=CANCEL Pin=R26-1
Added Pin To Net: NetName=CANCEL Pin=S4-1
Added Pin To Net: NetName=CANCEL Pin=S4-1
Added Pin To Net: NetName=CANCEL Pin=U1-1
Added Net: Name=CANCEL
Added Pin To Net: NetName=CE Pin=HG2-2
Added Pin To Net: NetName=CE Pin=HG2-2
Added Pin To Net: NetName=CE Pin=HG2-2
Added Pin To Net: NetName=CE Pin=HG2-2
Added Pin To Net: NetName=CE Pin=U1-9
Added Net: Name=CE
Added Pin To Net: NetName=Clk Pin=HG2-5
Added Pin To Net: NetName=Clk Pin=HG2-5
Added Pin To Net: NetName=Clk Pin=U1-13
Added Net: Name=Clk
Added Pin To Net: NetName=DC Pin=HG2-3
Added Pin To Net: NetName=DC Pin=HG2-3
Added Pin To Net: NetName=DC Pin=U1-10
Added Net: Name=DC
Added Pin To Net: NetName=DHT11 Pin=IC1-2
Added Pin To Net: NetName=DHT11 Pin=R32-1
Added Pin To Net: NetName=DHT11 Pin=U1-26
Added Net: Name=DHT11
Added Pin To Net: NetName=Din Pin=HG2-4
Added Pin To Net: NetName=Din Pin=HG2-4
Added Pin To Net: NetName=Din Pin=U1-11
Added Net: Name=Din
Added Pin To Net: NetName=DOWN Pin=R28-1
Added Pin To Net: NetName=DOWN Pin=S2-1
Added Pin To Net: NetName=DOWN Pin=S2-1
Added Pin To Net: NetName=DOWN Pin=U1-31
Added Net: Name=DOWN
Added Pin To Net: NetName=EN Pin=IC2-1
Added Pin To Net: NetName=EN Pin=R33-1
Added Net: Name=EN
Added Pin To Net: NetName=FB Pin=C5-1
Added Pin To Net: NetName=FB Pin=R15-2
Added Net: Name=FB
Added Pin To Net: NetName=GND Pin=C1-1
Added Pin To Net: NetName=GND Pin=C2-1
Added Pin To Net: NetName=GND Pin=C3-1
Added Pin To Net: NetName=GND Pin=C4-1
Added Pin To Net: NetName=GND Pin=C5-2
Added Pin To Net: NetName=GND Pin=C7-1
Added Pin To Net: NetName=GND Pin=C9-1
Added Pin To Net: NetName=GND Pin=C10-2
Added Pin To Net: NetName=GND Pin=C11-1
Added Pin To Net: NetName=GND Pin=C12-1
Added Pin To Net: NetName=GND Pin=C13-1
Added Pin To Net: NetName=GND Pin=C14-1
Added Pin To Net: NetName=GND Pin=C15-1
Added Pin To Net: NetName=GND Pin=C17-2
Added Pin To Net: NetName=GND Pin=C18-1
Added Pin To Net: NetName=GND Pin=C19-1
Added Pin To Net: NetName=GND Pin=C20-1
Added Pin To Net: NetName=GND Pin=C21-1
Added Pin To Net: NetName=GND Pin=C23-2
Added Pin To Net: NetName=GND Pin=C?-2
Added Pin To Net: NetName=GND Pin=HG2-8
Added Pin To Net: NetName=GND Pin=HG2-8
Added Pin To Net: NetName=GND Pin=IC1-4
Added Pin To Net: NetName=GND Pin=IC2-2
Added Pin To Net: NetName=GND Pin=IC3-2
Added Pin To Net: NetName=GND Pin=J2-2
Added Pin To Net: NetName=GND Pin=J3-2
Added Pin To Net: NetName=GND Pin=J4-4
Added Pin To Net: NetName=GND Pin=J4-6
Added Pin To Net: NetName=GND Pin=J4-8
Added Pin To Net: NetName=GND Pin=J4-10
Added Pin To Net: NetName=GND Pin=Q1-2
Added Pin To Net: NetName=GND Pin=Q2-2
Added Pin To Net: NetName=GND Pin=Q4-1
Added Pin To Net: NetName=GND Pin=Q5-2
Added Pin To Net: NetName=GND Pin=R10-1
Added Pin To Net: NetName=GND Pin=R14-1
Added Pin To Net: NetName=GND Pin=R19-2
Added Pin To Net: NetName=GND Pin=R23-2
Added Pin To Net: NetName=GND Pin=R24-2
Added Pin To Net: NetName=GND Pin=R35-1
Added Pin To Net: NetName=GND Pin=R37-1
Added Pin To Net: NetName=GND Pin=S1-2
Added Pin To Net: NetName=GND Pin=S1-2
Added Pin To Net: NetName=GND Pin=S2-2
Added Pin To Net: NetName=GND Pin=S2-2
Added Pin To Net: NetName=GND Pin=S3-2
Added Pin To Net: NetName=GND Pin=S3-2
Added Pin To Net: NetName=GND Pin=S4-2
Added Pin To Net: NetName=GND Pin=S4-2
Added Pin To Net: NetName=GND Pin=U1-3
Added Pin To Net: NetName=GND Pin=U1-5
Added Pin To Net: NetName=GND Pin=U1-21
Added Pin To Net: NetName=GND Pin=VT2-2
Added Net: Name=GND
Added Pin To Net: NetName=Light Pin=HG2-7
Added Pin To Net: NetName=Light Pin=HG2-7
Added Pin To Net: NetName=Light Pin=Q3-2
Added Pin To Net: NetName=Light Pin=R31-2
Added Net: Name=Light
Added Pin To Net: NetName=MISO Pin=J4-9
Added Pin To Net: NetName=MISO Pin=U1-16
Added Net: Name=MISO
Added Pin To Net: NetName=MOSI Pin=J4-1
Added Pin To Net: NetName=MOSI Pin=U1-15
Added Net: Name=MOSI
Added Pin To Net: NetName=NetC1_2 Pin=C1-2
Added Pin To Net: NetName=NetC1_2 Pin=C2-2
Added Pin To Net: NetName=NetC1_2 Pin=C4-2
Added Pin To Net: NetName=NetC1_2 Pin=C22-1
Added Pin To Net: NetName=NetC1_2 Pin=R12-2
Added Net: Name=NetC1_2
Added Pin To Net: NetName=NetC3_2 Pin=C3-2
Added Pin To Net: NetName=NetC3_2 Pin=R5-2
Added Pin To Net: NetName=NetC3_2 Pin=R10-2
Added Pin To Net: NetName=NetC3_2 Pin=U1-19
Added Net: Name=NetC3_2
Added Pin To Net: NetName=NetC7_2 Pin=C7-2
Added Pin To Net: NetName=NetC7_2 Pin=HG1-2
Added Pin To Net: NetName=NetC7_2 Pin=R18-2
Added Net: Name=NetC7_2
Added Pin To Net: NetName=NetC8_2 Pin=C8-2
Added Pin To Net: NetName=NetC8_2 Pin=Q2-3
Added Net: Name=NetC8_2
Added Pin To Net: NetName=NetC11_2 Pin=C11-2
Added Pin To Net: NetName=NetC11_2 Pin=L2-2
Added Pin To Net: NetName=NetC11_2 Pin=U1-18
Added Net: Name=NetC11_2
Added Pin To Net: NetName=NetC12_2 Pin=C12-2
Added Pin To Net: NetName=NetC12_2 Pin=U1-20
Added Net: Name=NetC12_2
Added Pin To Net: NetName=NetC16_1 Pin=C16-1
Added Pin To Net: NetName=NetC16_1 Pin=IC2-5
Added Pin To Net: NetName=NetC16_1 Pin=R34-1
Added Pin To Net: NetName=NetC16_1 Pin=R35-2
Added Net: Name=NetC16_1
Added Pin To Net: NetName=NetC21_2 Pin=C21-2
Added Pin To Net: NetName=NetC21_2 Pin=R36-1
Added Pin To Net: NetName=NetC21_2 Pin=R37-2
Added Pin To Net: NetName=NetC21_2 Pin=U1-22
Added Net: Name=NetC21_2
Added Pin To Net: NetName=NetC22_2 Pin=C22-2
Added Pin To Net: NetName=NetC22_2 Pin=Q5-3
Added Net: Name=NetC22_2
Added Pin To Net: NetName=NetC23_1 Pin=C23-1
Added Pin To Net: NetName=NetC23_1 Pin=D1-2
Added Net: Name=NetC23_1
Added Pin To Net: NetName=NetC?_1 Pin=C?-1
Added Pin To Net: NetName=NetC?_1 Pin=D1-1
Added Pin To Net: NetName=NetC?_1 Pin=R9-1
Added Net: Name=NetC?_1
Added Pin To Net: NetName=NetDL1_2 Pin=DL1-2
Added Pin To Net: NetName=NetDL1_2 Pin=R20-1
Added Net: Name=NetDL1_2
Added Pin To Net: NetName=NetHG1_1 Pin=HG1-1
Added Pin To Net: NetName=NetHG1_1 Pin=R38-1
Added Net: Name=NetHG1_1
Added Pin To Net: NetName=NetIC2_3 Pin=IC2-3
Added Pin To Net: NetName=NetIC2_3 Pin=L3-1
Added Net: Name=NetIC2_3
Added Pin To Net: NetName=NetIC3_1 Pin=IC3-1
Added Pin To Net: NetName=NetIC3_1 Pin=R33-2
Added Net: Name=NetIC3_1
Added Pin To Net: NetName=NetQ1_1 Pin=Q1-1
Added Pin To Net: NetName=NetQ1_1 Pin=R21-2
Added Pin To Net: NetName=NetQ1_1 Pin=R23-1
Added Net: Name=NetQ1_1
Added Pin To Net: NetName=NetQ1_3 Pin=Q1-3
Added Pin To Net: NetName=NetQ1_3 Pin=R20-2
Added Net: Name=NetQ1_3
Added Pin To Net: NetName=NetQ2_1 Pin=Q2-1
Added Pin To Net: NetName=NetQ2_1 Pin=R22-2
Added Pin To Net: NetName=NetQ2_1 Pin=R24-1
Added Net: Name=NetQ2_1
Added Pin To Net: NetName=NetQ3_1 Pin=Q3-1
Added Pin To Net: NetName=NetQ3_1 Pin=R30-2
Added Pin To Net: NetName=NetQ3_1 Pin=R31-1
Added Net: Name=NetQ3_1
Added Pin To Net: NetName=NetQ3_3 Pin=Q3-3
Added Pin To Net: NetName=NetQ3_3 Pin=R25-2
Added Net: Name=NetQ3_3
Added Pin To Net: NetName=NetQ5_1 Pin=Q5-1
Added Pin To Net: NetName=NetQ5_1 Pin=R13-2
Added Pin To Net: NetName=NetQ5_1 Pin=R14-2
Added Net: Name=NetQ5_1
Added Pin To Net: NetName=NetR1_1 Pin=R1-1
Added Pin To Net: NetName=NetR1_1 Pin=R6-1
Added Net: Name=NetR1_1
Added Pin To Net: NetName=NetR1_2 Pin=R1-2
Added Pin To Net: NetName=NetR1_2 Pin=R2-1
Added Net: Name=NetR1_2
Added Pin To Net: NetName=NetR2_2 Pin=R2-2
Added Pin To Net: NetName=NetR2_2 Pin=R3-1
Added Net: Name=NetR2_2
Added Pin To Net: NetName=NetR3_2 Pin=R3-2
Added Pin To Net: NetName=NetR3_2 Pin=R4-1
Added Net: Name=NetR3_2
Added Pin To Net: NetName=NetR4_2 Pin=R4-2
Added Pin To Net: NetName=NetR4_2 Pin=R5-1
Added Net: Name=NetR4_2
Added Pin To Net: NetName=NetR6_2 Pin=R6-2
Added Pin To Net: NetName=NetR6_2 Pin=R7-1
Added Net: Name=NetR6_2
Added Pin To Net: NetName=NetR7_2 Pin=R7-2
Added Pin To Net: NetName=NetR7_2 Pin=R8-1
Added Net: Name=NetR7_2
Added Pin To Net: NetName=NetR8_2 Pin=R8-2
Added Pin To Net: NetName=NetR8_2 Pin=R11-1
Added Net: Name=NetR8_2
Added Pin To Net: NetName=NetR9_2 Pin=R9-2
Added Pin To Net: NetName=NetR9_2 Pin=R16-1
Added Net: Name=NetR9_2
Added Pin To Net: NetName=NetR11_2 Pin=R11-2
Added Pin To Net: NetName=NetR11_2 Pin=R15-1
Added Net: Name=NetR11_2
Added Pin To Net: NetName=NetR13_1 Pin=R13-1
Added Pin To Net: NetName=NetR13_1 Pin=U1-23
Added Net: Name=NetR13_1
Added Pin To Net: NetName=NetR16_2 Pin=R16-2
Added Pin To Net: NetName=NetR16_2 Pin=R38-2
Added Net: Name=NetR16_2
Added Pin To Net: NetName=NetR17_1 Pin=R17-1
Added Pin To Net: NetName=NetR17_1 Pin=U1-24
Added Pin To Net: NetName=NetR17_1 Pin=VT2-3
Added Net: Name=NetR17_1
Added Pin To Net: NetName=NetR18_1 Pin=R18-1
Added Pin To Net: NetName=NetR18_1 Pin=R19-1
Added Pin To Net: NetName=NetR18_1 Pin=VT2-1
Added Net: Name=NetR18_1
Added Pin To Net: NetName=NetR21_1 Pin=R21-1
Added Pin To Net: NetName=NetR21_1 Pin=U1-25
Added Net: Name=NetR21_1
Added Pin To Net: NetName=NetR22_1 Pin=R22-1
Added Pin To Net: NetName=NetR22_1 Pin=U1-14
Added Net: Name=NetR22_1
Added Pin To Net: NetName=OK Pin=R27-1
Added Pin To Net: NetName=OK Pin=S3-1
Added Pin To Net: NetName=OK Pin=S3-1
Added Pin To Net: NetName=OK Pin=U1-32
Added Net: Name=OK
Added Pin To Net: NetName=RESET Pin=J4-5
Added Pin To Net: NetName=RESET Pin=U1-29
Added Net: Name=RESET
Added Pin To Net: NetName=RST Pin=HG2-1
Added Pin To Net: NetName=RST Pin=HG2-1
Added Pin To Net: NetName=RST Pin=U1-2
Added Net: Name=RST
Added Pin To Net: NetName=SCK Pin=J4-7
Added Pin To Net: NetName=SCK Pin=U1-17
Added Net: Name=SCK
Added Pin To Net: NetName=SCL Pin=J3-3
Added Pin To Net: NetName=SCL Pin=U1-28
Added Net: Name=SCL
Added Pin To Net: NetName=SDA Pin=J3-4
Added Pin To Net: NetName=SDA Pin=U1-27
Added Net: Name=SDA
Added Pin To Net: NetName=UP Pin=R29-1
Added Pin To Net: NetName=UP Pin=S1-1
Added Pin To Net: NetName=UP Pin=S1-1
Added Pin To Net: NetName=UP Pin=U1-30
Added Net: Name=UP
Added Pin To Net: NetName=VDD Pin=C8-1
Added Pin To Net: NetName=VDD Pin=C15-2
Added Pin To Net: NetName=VDD Pin=C19-2
Added Pin To Net: NetName=VDD Pin=IC1-1
Added Pin To Net: NetName=VDD Pin=IC2-4
Added Pin To Net: NetName=VDD Pin=IC3-3
Added Pin To Net: NetName=VDD Pin=J1-1
Added Pin To Net: NetName=VDD Pin=J1-2
Added Pin To Net: NetName=VDD Pin=J2-1
Added Pin To Net: NetName=VDD Pin=J4-2
Added Pin To Net: NetName=VDD Pin=Q4-3
Added Pin To Net: NetName=VDD Pin=R12-1
Added Pin To Net: NetName=VDD Pin=R32-2
Added Pin To Net: NetName=VDD Pin=R36-2
Added Net: Name=VDD
Added Pin To Net: NetName=XTAL1 Pin=C13-2
Added Pin To Net: NetName=XTAL1 Pin=U1-7
Added Pin To Net: NetName=XTAL1 Pin=ZQ1-1
Added Net: Name=XTAL1
Added Pin To Net: NetName=XTAL2 Pin=C14-2
Added Pin To Net: NetName=XTAL2 Pin=U1-8
Added Pin To Net: NetName=XTAL2 Pin=ZQ1-2
Added Net: Name=XTAL2
Added Class: Name=High_Voltage
Added Class: Name=Indication_and_Notification
Added Class: Name=MCU
Added Class: Name=Power
Added Class: Name=400V
Added Class: Name=POWER
Added Room: Name=High_Voltage
Added Room: Name=Indication_and_Notification
Added Room: Name=MCU
Added Room: Name=Power
