Removed Pin From Net: NetName=MOSI Pin=J4-1
Removed Pin From Net: NetName=VDD Pin=J4-2
Removed Pin From Net: NetName=GND Pin=J4-4
Removed Pin From Net: NetName=RESET Pin=J4-5
Removed Pin From Net: NetName=GND Pin=J4-6
Removed Pin From Net: NetName=SCK Pin=J4-7
Removed Pin From Net: NetName=GND Pin=J4-8
Removed Pin From Net: NetName=MISO Pin=J4-9
Removed Pin From Net: NetName=GND Pin=J4-10
Removed Member From Class: ClassName=MCU Member=J4
Added Component: Designator=J??(IDC10-2.54-SB)
Add component. Clean all parameters for all variants
Add component (AddParameter): Name = "LatestRevisionDate"; Value = "17-Jul-2002"; VariantName = "[No Variations]"
Add component (AddParameter): Name = "LatestRevisionNote"; Value = "Re-released for DXP Platform."; VariantName = "[No Variations]"
Add component (AddParameter): Name = "Publisher"; Value = "Altium Limited"; VariantName = "[No Variations]"
Added Pin To Net: NetName=MOSI Pin=J??-1
Added Pin To Net: NetName=VDD Pin=J??-2
Added Pin To Net: NetName=GND Pin=J??-4
Added Pin To Net: NetName=RESET Pin=J??-5
Added Pin To Net: NetName=GND Pin=J??-6
Added Pin To Net: NetName=SCK Pin=J??-7
Added Pin To Net: NetName=GND Pin=J??-8
Added Pin To Net: NetName=MISO Pin=J??-9
Added Pin To Net: NetName=GND Pin=J??-10
Added Member To Class: ClassName=High_Voltage Member=Component HG1 SBM-20-1
Added Member To Class: ClassName=MCU Member=Component HG2 LCD5110
Added Member To Class: ClassName=MCU Member=Component J?? IDC10-2.54-SB
