Removed Pin From Net: NetName=NetC3_2 Pin=R5-2
Removed Pin From Net: NetName=GND Pin=R10-1
Removed Pin From Net: NetName=NetC3_2 Pin=R10-2
Removed Pin From Net: NetName=NetR8_2 Pin=R11-1
Removed Pin From Net: NetName=FB Pin=R15-2
Change Component Footprint: Designator=R1 Old Footprint=RESC3216-1206M New Footprint=RESC2012-0805L
Change Component Footprint: Designator=R2 Old Footprint=RESC3216-1206M New Footprint=RESC2012-0805L
Change Component Footprint: Designator=R3 Old Footprint=RESC3216-1206M New Footprint=RESC2012-0805L
Change Component Footprint: Designator=R4 Old Footprint=RESC3216-1206M New Footprint=RESC2012-0805L
Change Component Footprint: Designator=R5 Old Footprint=RESC3216-1206M New Footprint=RESC2012-0805L
Change Component Footprint: Designator=R6 Old Footprint=RESC3216-1206M New Footprint=RESC2012-0805L
Change Component Footprint: Designator=R7 Old Footprint=RESC3216-1206M New Footprint=RESC2012-0805L
Change Component Footprint: Designator=R8 Old Footprint=RESC3216-1206M New Footprint=RESC2012-0805L
Change Component Footprint: Designator=R10 Old Footprint=RESC3216-1206M New Footprint=RESC2012-0805L
Change Component Footprint: Designator=R11 Old Footprint=RESC3216-1206M New Footprint=RESC2012-0805L
Change Component Footprint: Designator=R15 Old Footprint=RESC3216-1206M New Footprint=RESC2012-0805L
Change Component Comment : Designator=R1 Old Comment=RESC_1206_R New Comment=RESC_0805_R
Change Component Comment : Designator=R2 Old Comment=RESC_1206_R New Comment=RESC_0805_R
Change Component Comment : Designator=R3 Old Comment=RESC_1206_R New Comment=RESC_0805_R
Change Component Comment : Designator=R4 Old Comment=RESC_1206_R New Comment=RESC_0805_R
Change Component Comment : Designator=R5 Old Comment=RESC_1206_R New Comment=RESC_0805_R
Change Component Comment : Designator=R6 Old Comment=RESC_1206_R New Comment=RESC_0805_R
Change Component Comment : Designator=R7 Old Comment=RESC_1206_R New Comment=RESC_0805_R
Change Component Comment : Designator=R8 Old Comment=RESC_1206_R New Comment=RESC_0805_R
Change Component Comment : Designator=R10 Old Comment=RESC_1206_R New Comment=RESC_0805_R
Change Component Comment : Designator=R11 Old Comment=RESC_1206_R New Comment=RESC_0805_R
Change Component Comment : Designator=R15 Old Comment=RESC_1206_R New Comment=RESC_0805_R
Change component parameters: Designator = "R10"; Footprint = "RESC2012-0805L"; UniqueID = "\EJKGVLZL"
Change component parameters. Clean all parameters for all variants
Change component parameters (AddParameter): Name = "Value"; Value = "10M"; VariantName = "[No Variations]"
Change component parameters: Designator = "R15"; Footprint = "RESC2012-0805L"; UniqueID = "\LWBPZCPX"
Change component parameters. Clean all parameters for all variants
Change component parameters (AddParameter): Name = "Value"; Value = "160k"; VariantName = "[No Variations]"
Added Pin To Net: NetName=FB Pin=R5-2
Added Pin To Net: NetName=NetR8_2 Pin=R10-1
Added Pin To Net: NetName=NetC3_2 Pin=R11-2
Added Pin To Net: NetName=GND Pin=R15-1
Added Pin To Net: NetName=NetC3_2 Pin=R15-2
Added Pin To Net: NetName=NetR10_2 Pin=R10-2
Added Pin To Net: NetName=NetR10_2 Pin=R11-1
Added Net: Name=NetR10_2
